<?xml version="1.0" encoding="utf-8"?><testsuites name="pytest tests"><testsuite name="pytest" errors="0" failures="0" skipped="0" tests="18" time="3.445" timestamp="2026-04-09T18:27:23.006005+00:00" hostname="agent-env-7c2cc0aa-d889-4231-8146-9d7173a35f22"><testcase classname="tests.test_partners.TestPartnerPublicEndpoints" name="test_get_partner_payment_info_approved" time="1.161" /><testcase classname="tests.test_partners.TestPartnerPublicEndpoints" name="test_get_partner_payment_info_not_found" time="0.055" /><testcase classname="tests.test_partners.TestPartnerProfile" name="test_get_my_partner_existing" time="0.056" /><testcase classname="tests.test_partners.TestPartnerProfile" name="test_get_my_partner_none" time="0.595" /><testcase classname="tests.test_partners.TestPartnerRegistration" name="test_register_partner_already_exists" time="0.058" /><testcase classname="tests.test_partners.TestPartnerPaymentConfig" name="test_update_payment_config" time="0.063" /><testcase classname="tests.test_partners.TestPartnerPaymentConfig" name="test_update_payment_unitel_without_number" time="0.059" /><testcase classname="tests.test_partners.TestPartnerPaymentConfig" name="test_update_payment_transfer_without_iban" time="0.050" /><testcase classname="tests.test_partners.TestAdminPartnerManagement" name="test_admin_list_partners" time="0.685" /><testcase classname="tests.test_partners.TestAdminPartnerManagement" name="test_admin_list_partners_filter_status" time="0.060" /><testcase classname="tests.test_partners.TestAdminPartnerManagement" name="test_admin_partner_stats" time="0.064" /><testcase classname="tests.test_partners.TestAdminPartnerManagement" name="test_admin_suspend_partner" time="0.058" /><testcase classname="tests.test_partners.TestAdminPartnerManagement" name="test_admin_approve_partner" time="0.061" /><testcase classname="tests.test_partners.TestAdminPartnerManagement" name="test_admin_reject_partner_not_found" time="0.060" /><testcase classname="tests.test_partners.TestPartnerAccessControl" name="test_admin_endpoints_require_admin" time="0.104" /><testcase classname="tests.test_partners.TestPartnerAccessControl" name="test_partner_endpoints_require_auth" time="0.055" /><testcase classname="tests.test_partners.TestPartnerPaymentInfoForCheckout" name="test_get_payment_info_has_unitel_money" time="0.054" /><testcase classname="tests.test_partners.TestPartnerPaymentInfoForCheckout" name="test_get_payment_info_has_transfer" time="0.053" /></testsuite></testsuites>