<?xml version="1.0" encoding="utf-8"?><testsuites name="pytest tests"><testsuite name="pytest" errors="0" failures="0" skipped="0" tests="15" time="3.069" timestamp="2026-04-10T21:16:55.772531+00:00" hostname="agent-env-7c2cc0aa-d889-4231-8146-9d7173a35f22"><testcase classname="tests.test_iteration9_endpoints.TestHealth" name="test_health_check" time="0.206" /><testcase classname="tests.test_iteration9_endpoints.TestMarketplaceCategories" name="test_list_categories_exists" time="0.213" /><testcase classname="tests.test_iteration9_endpoints.TestTurismoBookingsMy" name="test_bookings_my_requires_auth" time="0.126" /><testcase classname="tests.test_iteration9_endpoints.TestTurismoBookingsMy" name="test_bookings_my_with_auth" time="1.015" /><testcase classname="tests.test_iteration9_endpoints.TestEvents" name="test_list_events" time="0.159" /><testcase classname="tests.test_iteration9_endpoints.TestEvents" name="test_tickets_purchase_requires_auth" time="0.108" /><testcase classname="tests.test_iteration9_endpoints.TestMarketplaceProducts" name="test_list_products" time="0.115" /><testcase classname="tests.test_iteration9_endpoints.TestMarketplaceProducts" name="test_create_order_requires_auth" time="0.101" /><testcase classname="tests.test_iteration9_endpoints.TestTurismoExperiences" name="test_list_experiences" time="0.120" /><testcase classname="tests.test_iteration9_endpoints.TestTurismoExperiences" name="test_create_booking_requires_auth" time="0.117" /><testcase classname="tests.test_iteration9_endpoints.TestAlojamentoProperties" name="test_list_properties" time="0.174" /><testcase classname="tests.test_iteration9_endpoints.TestAlojamentoProperties" name="test_create_booking_requires_auth" time="0.144" /><testcase classname="tests.test_iteration9_endpoints.TestWebSocketStatus" name="test_ws_status" time="0.113" /><testcase classname="tests.test_iteration9_endpoints.TestRestaurantesOrders" name="test_list_restaurants" time="0.107" /><testcase classname="tests.test_iteration9_endpoints.TestRestaurantesOrders" name="test_create_order_requires_auth" time="0.105" /></testsuite></testsuites>