<?xml version="1.0" encoding="utf-8"?><testsuites name="pytest tests"><testsuite name="pytest" errors="0" failures="0" skipped="9" tests="13" time="23.442" timestamp="2026-04-10T11:16:06.668871+00:00" hostname="agent-env-7c2cc0aa-d889-4231-8146-9d7173a35f22"><testcase classname="tests.test_gps_tracking_rides.TestWebSocketStatus" name="test_ws_status_returns_connection_stats" time="0.134" /><testcase classname="tests.test_gps_tracking_rides.TestAuthFlow" name="test_login_sends_otp" time="0.528" /><testcase classname="tests.test_gps_tracking_rides.TestAuthFlow" name="test_verify_otp_returns_token" time="1.144" /><testcase classname="tests.test_gps_tracking_rides.TestRideEstimate" name="test_ride_estimate_calculates_correctly" time="5.720"><skipped type="pytest.skip" message="Could not request OTP for +244911000002: 429 - {&quot;detail&quot;:&quot;Muitas tentativas. Aguarde 1 minuto.&quot;}">/app/backend/tests/test_gps_tracking_rides.py:146: Could not request OTP for +244911000002: 429 - {"detail":"Muitas tentativas. Aguarde 1 minuto."}</skipped></testcase><testcase classname="tests.test_gps_tracking_rides.TestRideEstimate" name="test_ride_estimate_requires_endereco" time="0.000"><skipped type="pytest.skip" message="Could not request OTP for +244911000002: 429 - {&quot;detail&quot;:&quot;Muitas tentativas. Aguarde 1 minuto.&quot;}">/app/backend/tests/test_gps_tracking_rides.py:178: Could not request OTP for +244911000002: 429 - {"detail":"Muitas tentativas. Aguarde 1 minuto."}</skipped></testcase><testcase classname="tests.test_gps_tracking_rides.TestDriverEndpoints" name="test_driver_online_toggle" time="5.235"><skipped type="pytest.skip" message="Could not request OTP for +244912000000: 429 - {&quot;detail&quot;:&quot;Muitas tentativas. Aguarde 1 minuto.&quot;}">/app/backend/tests/test_gps_tracking_rides.py:245: Could not request OTP for +244912000000: 429 - {"detail":"Muitas tentativas. Aguarde 1 minuto."}</skipped></testcase><testcase classname="tests.test_gps_tracking_rides.TestDriverEndpoints" name="test_driver_location_update" time="0.000"><skipped type="pytest.skip" message="Could not request OTP for +244912000000: 429 - {&quot;detail&quot;:&quot;Muitas tentativas. Aguarde 1 minuto.&quot;}">/app/backend/tests/test_gps_tracking_rides.py:274: Could not request OTP for +244912000000: 429 - {"detail":"Muitas tentativas. Aguarde 1 minuto."}</skipped></testcase><testcase classname="tests.test_gps_tracking_rides.TestDriverEndpoints" name="test_pending_rides_nearby" time="0.000"><skipped type="pytest.skip" message="Could not request OTP for +244912000000: 429 - {&quot;detail&quot;:&quot;Muitas tentativas. Aguarde 1 minuto.&quot;}">/app/backend/tests/test_gps_tracking_rides.py:298: Could not request OTP for +244912000000: 429 - {"detail":"Muitas tentativas. Aguarde 1 minuto."}</skipped></testcase><testcase classname="tests.test_gps_tracking_rides.TestRideFlow" name="test_ride_request_creates_ride" time="5.260"><skipped type="pytest.skip" message="Could not request OTP for +244911000002: 429 - {&quot;detail&quot;:&quot;Muitas tentativas. Aguarde 1 minuto.&quot;}">/app/backend/tests/test_gps_tracking_rides.py:360: Could not request OTP for +244911000002: 429 - {"detail":"Muitas tentativas. Aguarde 1 minuto."}</skipped></testcase><testcase classname="tests.test_gps_tracking_rides.TestRideFlow" name="test_full_ride_flow" time="0.000"><skipped type="pytest.skip" message="Could not request OTP for +244911000002: 429 - {&quot;detail&quot;:&quot;Muitas tentativas. Aguarde 1 minuto.&quot;}">/app/backend/tests/test_gps_tracking_rides.py:393: Could not request OTP for +244911000002: 429 - {"detail":"Muitas tentativas. Aguarde 1 minuto."}</skipped></testcase><testcase classname="tests.test_gps_tracking_rides.TestTrackingEndpoints" name="test_get_tracking_requires_auth" time="0.110" /><testcase classname="tests.test_gps_tracking_rides.TestTrackingEndpoints" name="test_post_tracking_requires_driver_role" time="5.244"><skipped type="pytest.skip" message="Could not request OTP for +244911000002: 429 - {&quot;detail&quot;:&quot;Muitas tentativas. Aguarde 1 minuto.&quot;}">/app/backend/tests/test_gps_tracking_rides.py:495: Could not request OTP for +244911000002: 429 - {"detail":"Muitas tentativas. Aguarde 1 minuto."}</skipped></testcase><testcase classname="tests.test_gps_tracking_rides.TestTrackingEndpoints" name="test_get_tracking_returns_404_for_nonexistent_ride" time="0.000"><skipped type="pytest.skip" message="Could not request OTP for +244911000002: 429 - {&quot;detail&quot;:&quot;Muitas tentativas. Aguarde 1 minuto.&quot;}">/app/backend/tests/test_gps_tracking_rides.py:508: Could not request OTP for +244911000002: 429 - {"detail":"Muitas tentativas. Aguarde 1 minuto."}</skipped></testcase></testsuite></testsuites>