<?xml version="1.0" encoding="utf-8"?><testsuites name="pytest tests"><testsuite name="pytest" errors="0" failures="0" skipped="1" tests="15" time="5.294" timestamp="2026-04-09T17:56:17.417612+00:00" hostname="agent-env-7c2cc0aa-d889-4231-8146-9d7173a35f22"><testcase classname="tests.test_payments.TestBankInfo" name="test_get_bank_info_returns_bai_details" time="1.212" /><testcase classname="tests.test_payments.TestBankInfo" name="test_bank_info_requires_auth" time="0.043" /><testcase classname="tests.test_payments.TestPaymentMethods" name="test_get_payment_methods" time="0.048" /><testcase classname="tests.test_payments.TestPaymentCRUD" name="test_create_payment_transferencia" time="0.049" /><testcase classname="tests.test_payments.TestPaymentCRUD" name="test_create_payment_dinheiro" time="0.057" /><testcase classname="tests.test_payments.TestPaymentCRUD" name="test_list_user_payments" time="0.057" /><testcase classname="tests.test_payments.TestComprovativo" name="test_submit_comprovativo" time="0.117" /><testcase classname="tests.test_payments.TestAdminPayments" name="test_admin_list_all_payments" time="0.593" /><testcase classname="tests.test_payments.TestAdminPayments" name="test_admin_payment_stats" time="0.054" /><testcase classname="tests.test_payments.TestAdminPayments" name="test_admin_confirm_payment" time="2.633" /><testcase classname="tests.test_payments.TestAdminPayments" name="test_admin_reject_payment" time="0.154"><skipped type="pytest.skip" message="Could not login as user for reject test">/app/backend/tests/test_payments.py:364: Could not login as user for reject test</skipped></testcase><testcase classname="tests.test_payments.TestAdminPayments" name="test_admin_filter_payments_by_status" time="0.053" /><testcase classname="tests.test_payments.TestAdminPayments" name="test_admin_filter_payments_by_metodo" time="0.051" /><testcase classname="tests.test_payments.TestPaymentAuthorization" name="test_admin_endpoints_require_admin_role" time="0.045" /><testcase classname="tests.test_payments.TestPaymentAuthorization" name="test_unauthenticated_cannot_create_payment" time="0.057" /></testsuite></testsuites>