<?xml version="1.0" encoding="utf-8"?><testsuites name="pytest tests"><testsuite name="pytest" errors="0" failures="0" skipped="0" tests="12" time="2.572" timestamp="2026-04-09T13:46:39.539059+00:00" hostname="agent-env-7c2cc0aa-d889-4231-8146-9d7173a35f22"><testcase classname="tests.test_tudoaqui_seed_data.TestHealthAndDocs" name="test_health_endpoint" time="0.197" /><testcase classname="tests.test_tudoaqui_seed_data.TestEventsAPI" name="test_list_events_returns_seed_data" time="0.237" /><testcase classname="tests.test_tudoaqui_seed_data.TestMarketplaceAPI" name="test_list_products_returns_seed_data" time="0.127" /><testcase classname="tests.test_tudoaqui_seed_data.TestMarketplaceAPI" name="test_list_categories_returns_seed_data" time="0.116" /><testcase classname="tests.test_tudoaqui_seed_data.TestAlojamentoAPI" name="test_list_properties_returns_seed_data" time="0.143" /><testcase classname="tests.test_tudoaqui_seed_data.TestTurismoAPI" name="test_list_experiences_returns_seed_data" time="0.145" /><testcase classname="tests.test_tudoaqui_seed_data.TestRealEstateAPI" name="test_list_imoveis_returns_seed_data" time="0.116" /><testcase classname="tests.test_tudoaqui_seed_data.TestRealEstateAPI" name="test_list_agents_returns_seed_data" time="0.110" /><testcase classname="tests.test_tudoaqui_seed_data.TestRestaurantesAPI" name="test_list_restaurants_returns_seed_data" time="0.143" /><testcase classname="tests.test_tudoaqui_seed_data.TestRestaurantesAPI" name="test_get_restaurant_menu" time="0.289" /><testcase classname="tests.test_tudoaqui_seed_data.TestEntregasAPI" name="test_estimate_delivery_requires_auth" time="0.147" /><testcase classname="tests.test_tudoaqui_seed_data.TestAuthAPI" name="test_login_sends_otp" time="0.621" /></testsuite></testsuites>