<?xml version="1.0" encoding="utf-8"?><testsuites name="pytest tests"><testsuite name="pytest" errors="0" failures="0" skipped="0" tests="27" time="4.874" timestamp="2026-04-10T11:44:55.722268+00:00" hostname="agent-env-7c2cc0aa-d889-4231-8146-9d7173a35f22"><testcase classname="tests.test_all_modules.TestHealth" name="test_health_check" time="0.219" /><testcase classname="tests.test_all_modules.TestEvents" name="test_list_events" time="0.217" /><testcase classname="tests.test_all_modules.TestEvents" name="test_create_event_requires_auth" time="0.146" /><testcase classname="tests.test_all_modules.TestEvents" name="test_create_event_with_auth" time="1.080" /><testcase classname="tests.test_all_modules.TestEvents" name="test_get_event_detail" time="0.104" /><testcase classname="tests.test_all_modules.TestMarketplace" name="test_list_products" time="0.108" /><testcase classname="tests.test_all_modules.TestMarketplace" name="test_list_categories" time="0.134" /><testcase classname="tests.test_all_modules.TestMarketplace" name="test_create_product_requires_seller" time="0.149" /><testcase classname="tests.test_all_modules.TestMarketplace" name="test_create_order_requires_auth" time="0.129" /><testcase classname="tests.test_all_modules.TestAlojamento" name="test_list_properties" time="0.116" /><testcase classname="tests.test_all_modules.TestAlojamento" name="test_create_property_requires_host" time="0.103" /><testcase classname="tests.test_all_modules.TestAlojamento" name="test_create_booking_requires_auth" time="0.101" /><testcase classname="tests.test_all_modules.TestTurismo" name="test_list_experiences" time="0.135" /><testcase classname="tests.test_all_modules.TestTurismo" name="test_create_experience_requires_host" time="0.105" /><testcase classname="tests.test_all_modules.TestRealEstate" name="test_list_properties" time="0.112" /><testcase classname="tests.test_all_modules.TestRealEstate" name="test_create_property_requires_agent" time="0.133" /><testcase classname="tests.test_all_modules.TestRealEstate" name="test_create_lead" time="0.100" /><testcase classname="tests.test_all_modules.TestRestaurantes" name="test_list_restaurants" time="0.101" /><testcase classname="tests.test_all_modules.TestRestaurantes" name="test_get_restaurant_menu" time="0.121" /><testcase classname="tests.test_all_modules.TestEntregas" name="test_create_delivery_requires_auth" time="0.122" /><testcase classname="tests.test_all_modules.TestEntregas" name="test_list_my_deliveries" time="0.112" /><testcase classname="tests.test_all_modules.TestEntregas" name="test_estimate_delivery" time="0.117" /><testcase classname="tests.test_all_modules.TestWebSocket" name="test_ws_status" time="0.105" /><testcase classname="tests.test_all_modules.TestRides" name="test_ride_estimate" time="0.110" /><testcase classname="tests.test_all_modules.TestAuth" name="test_login_sends_otp" time="0.535" /><testcase classname="tests.test_all_modules.TestAuth" name="test_get_me_requires_auth" time="0.136" /><testcase classname="tests.test_all_modules.TestAuth" name="test_get_me_with_auth" time="0.105" /></testsuite></testsuites>