<?xml version="1.0" encoding="utf-8"?><testsuites name="pytest tests"><testsuite name="pytest" errors="0" failures="0" skipped="10" tests="33" time="7.059" timestamp="2026-04-09T11:45:51.992147+00:00" hostname="agent-env-7c2cc0aa-d889-4231-8146-9d7173a35f22"><testcase classname="tests.test_tudoaqui_api.TestHealthEndpoint" name="test_health_check" time="0.274" /><testcase classname="tests.test_tudoaqui_api.TestOpenAPIDocs" name="test_docs_accessible" time="0.122" /><testcase classname="tests.test_tudoaqui_api.TestAuthFlow" name="test_login_sends_otp" time="0.752" /><testcase classname="tests.test_tudoaqui_api.TestAuthFlow" name="test_verify_otp_and_get_token" time="1.215" /><testcase classname="tests.test_tudoaqui_api.TestAuthFlow" name="test_auth_me_with_token" time="0.851" /><testcase classname="tests.test_tudoaqui_api.TestAuthFlow" name="test_auth_me_without_token" time="0.143" /><testcase classname="tests.test_tudoaqui_api.TestEventsModule" name="test_list_events_public" time="0.117" /><testcase classname="tests.test_tudoaqui_api.TestEventsModule" name="test_list_events_with_auth" time="0.142"><skipped type="pytest.skip" message="Could not get OTP from database">/app/backend/tests/test_tudoaqui_api.py:128: Could not get OTP from database</skipped></testcase><testcase classname="tests.test_tudoaqui_api.TestMarketplaceModule" name="test_list_products_public" time="0.145" /><testcase classname="tests.test_tudoaqui_api.TestMarketplaceModule" name="test_list_sellers_public" time="0.142" /><testcase classname="tests.test_tudoaqui_api.TestMarketplaceModule" name="test_list_categories_public" time="0.107" /><testcase classname="tests.test_tudoaqui_api.TestAlojamentoModule" name="test_list_properties_public" time="0.114" /><testcase classname="tests.test_tudoaqui_api.TestTurismoModule" name="test_list_experiences_public" time="0.106" /><testcase classname="tests.test_tudoaqui_api.TestRealEstateModule" name="test_list_properties_public" time="0.106" /><testcase classname="tests.test_tudoaqui_api.TestRealEstateModule" name="test_list_agents_public" time="0.116" /><testcase classname="tests.test_tudoaqui_api.TestEntregaModule" name="test_estimate_delivery_requires_auth" time="0.108" /><testcase classname="tests.test_tudoaqui_api.TestEntregaModule" name="test_estimate_delivery_with_auth" time="0.145"><skipped type="pytest.skip" message="Could not get OTP from database">/app/backend/tests/test_tudoaqui_api.py:128: Could not get OTP from database</skipped></testcase><testcase classname="tests.test_tudoaqui_api.TestRestauranteModule" name="test_list_restaurants_public" time="0.110" /><testcase classname="tests.test_tudoaqui_api.TestDriversModule" name="test_register_driver_requires_auth" time="0.098" /><testcase classname="tests.test_tudoaqui_api.TestDriversModule" name="test_register_driver_with_auth" time="0.140"><skipped type="pytest.skip" message="Could not get OTP from database">/app/backend/tests/test_tudoaqui_api.py:128: Could not get OTP from database</skipped></testcase><testcase classname="tests.test_tudoaqui_api.TestAuthenticatedEndpoints" name="test_my_tickets_requires_auth" time="0.133" /><testcase classname="tests.test_tudoaqui_api.TestAuthenticatedEndpoints" name="test_my_orders_marketplace_requires_auth" time="0.094" /><testcase classname="tests.test_tudoaqui_api.TestAuthenticatedEndpoints" name="test_my_bookings_alojamento_requires_auth" time="0.106" /><testcase classname="tests.test_tudoaqui_api.TestAuthenticatedEndpoints" name="test_my_bookings_turismo_requires_auth" time="0.102" /><testcase classname="tests.test_tudoaqui_api.TestAuthenticatedEndpoints" name="test_my_favorites_realestate_requires_auth" time="0.109" /><testcase classname="tests.test_tudoaqui_api.TestAuthenticatedEndpoints" name="test_my_deliveries_requires_auth" time="0.099" /><testcase classname="tests.test_tudoaqui_api.TestAuthenticatedEndpointsWithToken" name="test_my_tickets_with_auth" time="0.141"><skipped type="pytest.skip" message="Could not get OTP from database">/app/backend/tests/test_tudoaqui_api.py:128: Could not get OTP from database</skipped></testcase><testcase classname="tests.test_tudoaqui_api.TestAuthenticatedEndpointsWithToken" name="test_my_orders_marketplace_with_auth" time="0.150"><skipped type="pytest.skip" message="Could not get OTP from database">/app/backend/tests/test_tudoaqui_api.py:128: Could not get OTP from database</skipped></testcase><testcase classname="tests.test_tudoaqui_api.TestAuthenticatedEndpointsWithToken" name="test_my_bookings_alojamento_with_auth" time="0.153"><skipped type="pytest.skip" message="Could not get OTP from database">/app/backend/tests/test_tudoaqui_api.py:128: Could not get OTP from database</skipped></testcase><testcase classname="tests.test_tudoaqui_api.TestAuthenticatedEndpointsWithToken" name="test_my_bookings_turismo_with_auth" time="0.165"><skipped type="pytest.skip" message="Could not get OTP from database">/app/backend/tests/test_tudoaqui_api.py:128: Could not get OTP from database</skipped></testcase><testcase classname="tests.test_tudoaqui_api.TestAuthenticatedEndpointsWithToken" name="test_my_favorites_realestate_with_auth" time="0.215"><skipped type="pytest.skip" message="Could not get OTP from database">/app/backend/tests/test_tudoaqui_api.py:128: Could not get OTP from database</skipped></testcase><testcase classname="tests.test_tudoaqui_api.TestAuthenticatedEndpointsWithToken" name="test_my_deliveries_with_auth" time="0.161"><skipped type="pytest.skip" message="Could not get OTP from database">/app/backend/tests/test_tudoaqui_api.py:128: Could not get OTP from database</skipped></testcase><testcase classname="tests.test_tudoaqui_api.TestAuthenticatedEndpointsWithToken" name="test_my_orders_restaurante_with_auth" time="0.235"><skipped type="pytest.skip" message="Could not get OTP from database">/app/backend/tests/test_tudoaqui_api.py:128: Could not get OTP from database</skipped></testcase></testsuite></testsuites>