<?xml version="1.0" encoding="utf-8"?><testsuites name="pytest tests"><testsuite name="pytest" errors="0" failures="0" skipped="0" tests="13" time="4.007" timestamp="2026-04-09T18:51:37.235200+00:00" hostname="agent-env-7c2cc0aa-d889-4231-8146-9d7173a35f22"><testcase classname="tests.test_role_tipo_migration.TestPartnerTiposEndpoint" name="test_tipos_returns_7_types" time="0.154" /><testcase classname="tests.test_role_tipo_migration.TestPartnerTiposEndpoint" name="test_tipos_no_auth_required" time="0.163" /><testcase classname="tests.test_role_tipo_migration.TestPartnerTiposEndpoint" name="test_tipos_structure" time="0.050" /><testcase classname="tests.test_role_tipo_migration.TestPartnerRegisterWithTipo" name="test_register_requires_valid_tipo" time="0.788" /><testcase classname="tests.test_role_tipo_migration.TestPartnerRegisterWithTipo" name="test_register_accepts_new_tipos" time="0.119" /><testcase classname="tests.test_role_tipo_migration.TestAdminStatsNewRoles" name="test_admin_stats_has_new_roles" time="1.749" /><testcase classname="tests.test_role_tipo_migration.TestAdminStatsNewRoles" name="test_admin_stats_no_old_roles" time="0.055" /><testcase classname="tests.test_role_tipo_migration.TestRoleRequestNewRoles" name="test_role_request_accepts_new_roles" time="0.051" /><testcase classname="tests.test_role_tipo_migration.TestRoleRequestNewRoles" name="test_role_request_rejects_old_roles" time="0.056" /><testcase classname="tests.test_role_tipo_migration.TestExistingPartnerWithNewTipo" name="test_existing_partner_profile" time="0.584" /><testcase classname="tests.test_role_tipo_migration.TestExistingPartnerWithNewTipo" name="test_admin_list_partners_shows_tipo" time="0.051" /><testcase classname="tests.test_role_tipo_migration.TestUserRolesMigration" name="test_admin_users_list_new_roles" time="0.061" /><testcase classname="tests.test_role_tipo_migration.TestUserRolesMigration" name="test_filter_by_new_role" time="0.049" /></testsuite></testsuites>