<?xml version="1.0" encoding="utf-8"?><testsuites name="pytest tests"><testsuite name="pytest" errors="0" failures="1" skipped="0" tests="10" time="4.668" timestamp="2026-04-09T14:21:29.224371+00:00" hostname="agent-env-7c2cc0aa-d889-4231-8146-9d7173a35f22"><testcase classname="tests.test_account_upgrades.TestAccountProfile" name="test_get_profile" time="0.925" /><testcase classname="tests.test_account_upgrades.TestAccountProfile" name="test_update_profile" time="0.254" /><testcase classname="tests.test_account_upgrades.TestAccountProfile" name="test_profile_requires_auth" time="0.102" /><testcase classname="tests.test_account_upgrades.TestRoleUpgradeRequests" name="test_get_my_role_requests" time="0.808" /><testcase classname="tests.test_account_upgrades.TestRoleUpgradeRequests" name="test_admin_get_all_role_requests" time="0.865" /><testcase classname="tests.test_account_upgrades.TestRoleUpgradeRequests" name="test_admin_filter_role_requests" time="0.370" /><testcase classname="tests.test_account_upgrades.TestRoleUpgradeRequests" name="test_non_admin_cannot_access_admin_role_requests" time="0.103" /><testcase classname="tests.test_account_upgrades.TestRoleUpgradeWorkflow" name="test_create_role_request" time="0.902"><failure message="AssertionError: Expected 200, got 400: {&quot;detail&quot;:&quot;Ja tem este role&quot;}&#10;assert 400 == 200&#10; +  where 400 = &lt;Response [400]&gt;.status_code">backend/tests/test_account_upgrades.py:308: in test_create_role_request
    assert resp.status_code == 200, f"Expected 200, got {resp.status_code}: {resp.text}"
E   AssertionError: Expected 200, got 400: {"detail":"Ja tem este role"}
E   assert 400 == 200
E    +  where 400 = &lt;Response [400]&gt;.status_code</failure></testcase><testcase classname="tests.test_account_upgrades.TestRoleUpgradeWorkflow" name="test_duplicate_pending_request_blocked" time="0.129" /><testcase classname="tests.test_account_upgrades.TestRoleUpgradeWorkflow" name="test_invalid_role_rejected" time="0.116" /></testsuite></testsuites>